--
-- Date/time types: date, timestamp, timestamptz, time, interval.  All cross
-- the string conversion path in both directions.  Pin the session formats so
-- the output is stable regardless of server defaults.
--
SET datestyle = 'ISO, MDY';
SET timezone = 'UTC';
SET intervalstyle = 'postgres';
-- All five arrive as Ruby Strings.
CREATE FUNCTION dt_classes(date, timestamp, timestamptz, time, interval)
RETURNS text LANGUAGE plruby AS $$
    args.map { |a| a.class.name }.uniq.join(' ')
$$;
SELECT dt_classes('2026-07-05', '2026-07-05 12:34:56',
                  '2026-07-05 12:34:56+02', '12:34:56', '1 day 02:03:04');
 dt_classes 
------------
 String
(1 row)

-- The text forms use the session's DateStyle/TimeZone (ISO, UTC here).
CREATE FUNCTION dt_echo(date, timestamp, timestamptz, time, interval)
RETURNS text LANGUAGE plruby AS $$
    args.join(' | ')
$$;
SELECT dt_echo('2026-07-05', '2026-07-05 12:34:56',
               '2026-07-05 12:34:56+02', '12:34:56', '1 day 02:03:04');
                                        dt_echo                                        
---------------------------------------------------------------------------------------
 2026-07-05 | 2026-07-05 12:34:56 | 2026-07-05 10:34:56+00 | 12:34:56 | 1 day 02:03:04
(1 row)

-- Returning a string converts back through the type's input function.
CREATE FUNCTION dt_make_date() RETURNS date LANGUAGE plruby AS $$
    '2026-07-05'
$$;
SELECT dt_make_date(), dt_make_date() + 7 AS week_later;
 dt_make_date | week_later 
--------------+------------
 2026-07-05   | 2026-07-12
(1 row)

-- Ruby's own date library interoperates: parse, add, return.
CREATE FUNCTION dt_add_days(date, int) RETURNS date LANGUAGE plruby AS $$
    require 'date'
    (Date.parse(args[0]) + args[1]).iso8601
$$;
SELECT dt_add_days('2026-07-05', 30);
 dt_add_days 
-------------
 2026-08-04
(1 row)

-- Building a timestamp from Ruby Time (a fixed instant; UTC in and out).
CREATE FUNCTION dt_fixed_ts() RETURNS timestamptz LANGUAGE plruby AS $$
    Time.utc(2026, 7, 5, 12, 0, 0).strftime('%Y-%m-%d %H:%M:%S+00')
$$;
SELECT dt_fixed_ts();
      dt_fixed_ts       
------------------------
 2026-07-05 12:00:00+00
(1 row)

-- Intervals are strings too; arithmetic happens in SQL or via parsing.
CREATE FUNCTION dt_interval_echo(interval) RETURNS interval LANGUAGE plruby AS $$
    args[0]
$$;
SELECT dt_interval_echo('90 minutes');
 dt_interval_echo 
------------------
 01:30:00
(1 row)

-- NULL dates arrive as nil like any other type.
CREATE FUNCTION dt_null(date) RETURNS text LANGUAGE plruby AS $$
    args[0].nil? ? 'nil' : args[0]
$$;
SELECT dt_null(NULL);
 dt_null 
---------
 nil
(1 row)

-- An invalid string returned into a date is rejected by the input function.
CREATE FUNCTION dt_bad() RETURNS date LANGUAGE plruby AS $$
    'not-a-date'
$$;
SELECT dt_bad();
ERROR:  invalid input syntax for type date: "not-a-date"
CONTEXT:  PL/Ruby function "dt_bad"
RESET datestyle;
RESET timezone;
RESET intervalstyle;
