--
-- Prepared statements.
--
CREATE TABLE things (id int, name text);
INSERT INTO things VALUES (1, 'one'), (2, 'two'), (3, 'three');
CREATE FUNCTION lookup(int) RETURNS text LANGUAGE plruby AS $$
    plan = spi_prepare('select name from things where id = $1', 'int4')
    res = spi_exec_prepared(plan, args[0])
    row = spi_fetch_row(res)
    spi_freeplan(plan)
    row['name']
$$;
SELECT lookup(2);
 lookup 
--------
 two
(1 row)

-- spi_query_prepared is an alias; multiple placeholders.
CREATE FUNCTION count_between(int, int) RETURNS int LANGUAGE plruby AS $$
    plan = spi_prepare('select count(*) as c from things where id between $1 and $2',
                       'int4', 'int4')
    spi_fetch_row(spi_query_prepared(plan, args[0], args[1]))['c']
$$;
SELECT count_between(1, 2);
 count_between 
---------------
             2
(1 row)

-- A NULL parameter.
CREATE FUNCTION prep_null() RETURNS int LANGUAGE plruby AS $$
    plan = spi_prepare('select count(*) as c from things where $1::int is null', 'int4')
    spi_fetch_row(spi_exec_prepared(plan, nil))['c']
$$;
SELECT prep_null();
 prep_null 
-----------
         3
(1 row)

-- Wrong number of arguments is reported.
CREATE FUNCTION prep_wrong() RETURNS int LANGUAGE plruby AS $$
    plan = spi_prepare('select $1::int', 'int4')
    spi_fetch_row(spi_exec_prepared(plan))
    1
$$;
SELECT prep_wrong();
ERROR:  spi_exec_prepared: plan expects 1 argument(s), got 0
-- One prepared plan reused across many executions in a single call.
CREATE FUNCTION prep_reuse() RETURNS text LANGUAGE plruby AS $$
    plan = spi_prepare('select name from things where id = $1', 'int4')
    names = (1..3).map { |i| spi_fetch_row(spi_exec_prepared(plan, i))['name'] }
    spi_freeplan(plan)
    names.join(',')
$$;
SELECT prep_reuse();
  prep_reuse   
---------------
 one,two,three
(1 row)

-- Text and numeric parameter types.
CREATE FUNCTION prep_typed(text) RETURNS int LANGUAGE plruby AS $$
    plan = spi_prepare('select count(*) as c from things where name > $1', 'text')
    spi_fetch_row(spi_exec_prepared(plan, args[0]))['c']
$$;
SELECT prep_typed('one');
 prep_typed 
------------
          2
(1 row)

DROP TABLE things;
