--
-- Data-modification triggers.
--
CREATE TABLE trig_test (id int, name text);
-- BEFORE INSERT/UPDATE: uppercase the name (MODIFY).
CREATE FUNCTION upper_name() RETURNS trigger LANGUAGE plruby AS $$
    $_TD['new']['name'] = $_TD['new']['name'].upcase
    'MODIFY'
$$;
CREATE TRIGGER t_upper BEFORE INSERT OR UPDATE ON trig_test
    FOR EACH ROW EXECUTE FUNCTION upper_name();
INSERT INTO trig_test VALUES (1, 'alice'), (2, 'bob');
SELECT * FROM trig_test ORDER BY id;
 id | name  
----+-------
  1 | ALICE
  2 | BOB
(2 rows)

UPDATE trig_test SET name = 'carol' WHERE id = 1;
SELECT * FROM trig_test ORDER BY id;
 id | name  
----+-------
  1 | CAROL
  2 | BOB
(2 rows)

-- BEFORE INSERT: SKIP rows with an odd id.
CREATE TABLE skip_test (id int);
CREATE FUNCTION skip_odd() RETURNS trigger LANGUAGE plruby AS $$
    return 'SKIP' if $_TD['new']['id'].odd?
    nil
$$;
CREATE TRIGGER t_skip BEFORE INSERT ON skip_test
    FOR EACH ROW EXECUTE FUNCTION skip_odd();
INSERT INTO skip_test VALUES (1), (2), (3), (4);
SELECT * FROM skip_test ORDER BY id;
 id 
----
  2
  4
(2 rows)

-- Trigger metadata is exposed in $_TD.
CREATE TABLE meta_test (id int);
CREATE FUNCTION show_meta() RETURNS trigger LANGUAGE plruby AS $$
    elog('NOTICE', "when=#{$_TD['when']} level=#{$_TD['level']} " +
                   "event=#{$_TD['event']} rel=#{$_TD['relname']}")
    nil
$$;
CREATE TRIGGER t_meta_row BEFORE INSERT ON meta_test
    FOR EACH ROW EXECUTE FUNCTION show_meta();
CREATE TRIGGER t_meta_stmt AFTER INSERT ON meta_test
    FOR EACH STATEMENT EXECUTE FUNCTION show_meta();
INSERT INTO meta_test VALUES (1);
NOTICE:  when=BEFORE level=ROW event=INSERT rel=meta_test
NOTICE:  when=AFTER level=STATEMENT event=INSERT rel=meta_test
-- Trigger arguments.
CREATE TABLE arg_test (id int);
CREATE FUNCTION show_args() RETURNS trigger LANGUAGE plruby AS $$
    elog('NOTICE', "argc=#{$_TD['argc']} args=#{$_TD['args'].inspect}")
    nil
$$;
CREATE TRIGGER t_args BEFORE INSERT ON arg_test
    FOR EACH ROW EXECUTE FUNCTION show_args('a', 'b');
INSERT INTO arg_test VALUES (1);
NOTICE:  argc=2 args=["a", "b"]
DROP TABLE trig_test, skip_test, meta_test, arg_test;
