--
-- hstore <-> Ruby Hash transform.  Functions must opt in with
-- TRANSFORM FOR TYPE hstore.
--
CREATE EXTENSION hstore_plruby CASCADE;
NOTICE:  installing required extension "hstore"
NOTICE:  installing required extension "plruby"
-- An hstore argument arrives as a Hash of String => String/nil.
CREATE FUNCTION ht_classes(hstore) RETURNS text
TRANSFORM FOR TYPE hstore
LANGUAGE plruby AS $$
    args[0].sort.map { |k, v|
        "#{k.class.name}(#{k})=#{v.nil? ? 'nil' : "#{v.class.name}(#{v})"}"
    }.join(' ')
$$;
SELECT ht_classes('a=>1, b=>NULL, "key with spaces"=>"and \"quotes\""'::hstore);
                                   ht_classes                                   
--------------------------------------------------------------------------------
 String(a)=String(1) String(b)=nil String(key with spaces)=String(and "quotes")
(1 row)

-- Round-trip: modify and return; nil becomes an hstore NULL.
CREATE FUNCTION ht_upcase(hstore) RETURNS hstore
TRANSFORM FOR TYPE hstore
LANGUAGE plruby AS $$
    args[0].to_h { |k, v| [k.upcase, v&.upcase] }
$$;
SELECT ht_upcase('name=>widget, note=>NULL');
           ht_upcase            
--------------------------------
 "NAME"=>"WIDGET", "NOTE"=>NULL
(1 row)

-- Build an hstore from Ruby data: keys and values are stringified.
CREATE FUNCTION ht_build(int) RETURNS hstore
TRANSFORM FOR TYPE hstore
LANGUAGE plruby AS $$
    {:n => args[0], 'double' => args[0] * 2, 'ok' => args[0].odd?, 'gone' => nil}
$$;
SELECT ht_build(3);
                      ht_build                       
-----------------------------------------------------
 "n"=>"3", "ok"=>"true", "gone"=>NULL, "double"=>"6"
(1 row)

SELECT ht_build(4)->'double' AS doubled;
 doubled 
---------
 8
(1 row)

-- Idiomatic Hash work: merge and prune in one step.
CREATE FUNCTION ht_merge(a hstore, b hstore) RETURNS hstore
TRANSFORM FOR TYPE hstore
LANGUAGE plruby AS $$
    a.merge(b).reject { |_, v| v.nil? }
$$;
SELECT ht_merge('a=>1, b=>2', 'b=>20, c=>NULL, d=>4');
           ht_merge            
-------------------------------
 "a"=>"1", "b"=>"20", "d"=>"4"
(1 row)

-- The empty hstore round-trips.
CREATE FUNCTION ht_empty(hstore) RETURNS hstore
TRANSFORM FOR TYPE hstore
LANGUAGE plruby AS $$
    args[0]
$$;
SELECT ht_empty(''::hstore);
 ht_empty 
----------
 
(1 row)

-- A NULL hstore argument is nil; returning nil is SQL NULL.
SELECT ht_empty(NULL) IS NULL AS null_roundtrip;
 null_roundtrip 
----------------
 t
(1 row)

-- Returning something other than a Hash is rejected cleanly.
CREATE FUNCTION ht_bad() RETURNS hstore
TRANSFORM FOR TYPE hstore
LANGUAGE plruby AS $$
    ['not', 'a', 'hash']
$$;
SELECT ht_bad();
ERROR:  cannot transform Ruby object of class Array to hstore
HINT:  An hstore value is built from a Hash.
-- The transform reaches nested contexts: SETOF rows via return_next...
CREATE FUNCTION ht_shatter(hstore) RETURNS SETOF hstore
TRANSFORM FOR TYPE hstore
LANGUAGE plruby AS $$
    args[0].sort.each { |k, v| return_next({k => v}) }
    nil
$$;
SELECT * FROM ht_shatter('b=>2, a=>1');
 ht_shatter 
------------
 "a"=>"1"
 "b"=>"2"
(2 rows)

-- ...and composite rows with an hstore column.
CREATE FUNCTION ht_rows(hstore) RETURNS TABLE (key text, meta hstore)
TRANSFORM FOR TYPE hstore
LANGUAGE plruby AS $$
    args[0].sort.each do |k, v|
        return_next({'key' => k, 'meta' => {'value' => v.to_s, 'null' => v.nil?.to_s}})
    end
    nil
$$;
SELECT * FROM ht_rows('x=>hi, y=>NULL');
 key |              meta              
-----+--------------------------------
 x   | "null"=>"false", "value"=>"hi"
 y   | "null"=>"true", "value"=>""
(2 rows)

-- Without the TRANSFORM clause, hstore still travels as a String.
CREATE FUNCTION ht_untransformed(hstore) RETURNS text LANGUAGE plruby AS $$
    args[0].class.name
$$;
SELECT ht_untransformed('a=>1'::hstore);
 ht_untransformed 
------------------
 String
(1 row)

